<?xml version="1.0" encoding="UTF-8" ?>
<testsuite errors="0" failures="0" hostname="helios" name="ResultCheckerTest" tests="4" time="0.02" timestamp="2022-05-04T08:38:14">
  <properties>
    <property name="ant.project.invoked-targets" value="report" />
    <property name="java.runtime.name" value="Java(TM) SE Runtime Environment" />
    <property name="reports" value="/home/s312621/se-basics/lab3/target/reports" />
    <property name="sun.boot.library.path" value="/usr/jdk/instances/jdk1.6.0/jre/lib/i386" />
    <property name="java.vm.version" value="20.181-b10" />
    <property name="ant.library.dir" value="/usr/sfw/lib/ant" />
    <property name="ant.version" value="Apache Ant(TM) version 1.8.4 compiled on March 13 2013" />
    <property name="ant.java.version" value="1.6" />
    <property name="java.vm.vendor" value="Sun Microsystems Inc." />
    <property name="java.vendor.url" value="http://java.sun.com/" />
    <property name="path.separator" value=":" />
    <property name="java.vm.name" value="Java HotSpot(TM) Server VM" />
    <property name="file.encoding.pkg" value="sun.io" />
    <property name="user.country" value="RU" />
    <property name="sun.java.launcher" value="SUN_STANDARD" />
    <property name="sun.os.patch.level" value="unknown" />
    <property name="java.vm.specification.name" value="Java Virtual Machine Specification" />
    <property name="user.dir" value="/home/s312621/se-basics/lab3" />
    <property name="java.runtime.version" value="1.6.0_181-b10" />
    <property name="java.awt.graphicsenv" value="sun.awt.X11GraphicsEnvironment" />
    <property name="basedir" value="/home/s312621/se-basics/lab3" />
    <property name="java.endorsed.dirs" value="/usr/jdk/instances/jdk1.6.0/jre/lib/endorsed" />
    <property name="os.arch" value="x86" />
    <property name="class" value="/home/s312621/se-basics/lab3/target/classes" />
    <property name="ant.project.default-target" value="report" />
    <property name="java.io.tmpdir" value="/var/tmp/" />
    <property name="ant.core.lib" value="/usr/sfw/lib/ant/ant.jar" />
    <property name="line.separator" value="&#xa;" />
    <property name="java.vm.specification.vendor" value="Sun Microsystems Inc." />
    <property name="os.name" value="SunOS" />
    <property name="ant.home" value="/usr/sfw" />
    <property name="ant.project.name" value="Basics-of-SE-Lab-3" />
    <property name="ant.file.Basics-of-SE-Lab-3" value="/home/s312621/se-basics/lab3/build.xml" />
    <property name="sun.jnu.encoding" value="UTF-8" />
    <property name="java.library.path" value="/usr/jdk/instances/jdk1.6.0/jre/lib/i386/server:/usr/jdk/instances/jdk1.6.0/jre/lib/i386:/usr/jdk/instances/jdk1.6.0/jre/../lib/i386:/usr/jdk/packages/lib/i386:/lib:/usr/lib" />
    <property name="src" value="/home/s312621/se-basics/lab3/src" />
    <property name="java.class.version" value="50.0" />
    <property name="java.specification.name" value="Java Platform API Specification" />
    <property name="sun.management.compiler" value="HotSpot Tiered Compilers" />
    <property name="os.version" value="5.10" />
    <property name="ant.file" value="/home/s312621/se-basics/lab3/build.xml" />
    <property name="ant.file.type.Basics-of-SE-Lab-3" value="file" />
    <property name="user.home" value="/home/s312621" />
    <property name="user.timezone" value="" />
    <property name="java.awt.printerjob" value="sun.print.PSPrinterJob" />
    <property name="java.specification.version" value="1.6" />
    <property name="file.encoding" value="UTF-8" />
    <property name="java.class.path" value="/usr/sfw/lib/ant/ant-launcher.jar:/home/s312621/.ant/lib/ant-junit4.jar:/home/s312621/.ant/lib/ant-junit.jar:/usr/sfw/lib/ant/ant-netrexx.jar:/usr/sfw/lib/ant/ant-apache-oro.jar:/usr/sfw/lib/ant/ant-commons-net.jar:/usr/sfw/lib/ant/ant-jai.jar:/usr/sfw/lib/ant/ant-bootstrap.jar:/usr/sfw/lib/ant/ant-swing.jar:/usr/sfw/lib/ant/ant-apache-log4j.jar:/usr/sfw/lib/ant/ant-apache-bsf.jar:/usr/sfw/lib/ant/ant-junit4.jar:/usr/sfw/lib/ant/ant-commons-logging.jar:/usr/sfw/lib/ant/ant-jmf.jar:/usr/sfw/lib/ant/ant-junit.jar:/usr/sfw/lib/ant/ant-antlr.jar:/usr/sfw/lib/ant/ant-javamail.jar:/usr/sfw/lib/ant/ant.jar:/usr/sfw/lib/ant/ant-apache-xalan2.jar:/usr/sfw/lib/ant/ant-jsch.jar:/usr/sfw/lib/ant/ant-jdepend.jar:/usr/sfw/lib/ant/ant-apache-bcel.jar:/usr/sfw/lib/ant/ant-launcher.jar:/usr/sfw/lib/ant/ant-apache-resolver.jar:/usr/sfw/lib/ant/ant-apache-regexp.jar:/usr/jdk/instances/jdk1.6.0/lib/tools.jar" />
    <property name="user.name" value="s312621" />
    <property name="java.vm.specification.version" value="1.0" />
    <property name="java.home" value="/usr/jdk/instances/jdk1.6.0/jre" />
    <property name="sun.java.command" value="org.apache.tools.ant.launch.Launcher -cp  report" />
    <property name="sun.arch.data.model" value="32" />
    <property name="user.language" value="ru" />
    <property name="java.specification.vendor" value="Sun Microsystems Inc." />
    <property name="java.vm.info" value="mixed mode" />
    <property name="java.version" value="1.6.0_181" />
    <property name="java.ext.dirs" value="/usr/jdk/instances/jdk1.6.0/jre/lib/ext:/usr/jdk/packages/lib/ext" />
    <property name="sun.boot.class.path" value="/usr/jdk/instances/jdk1.6.0/jre/lib/resources.jar:/usr/jdk/instances/jdk1.6.0/jre/lib/rt.jar:/usr/jdk/instances/jdk1.6.0/jre/lib/sunrsasign.jar:/usr/jdk/instances/jdk1.6.0/jre/lib/jsse.jar:/usr/jdk/instances/jdk1.6.0/jre/lib/jce.jar:/usr/jdk/instances/jdk1.6.0/jre/lib/charsets.jar:/usr/jdk/instances/jdk1.6.0/jre/lib/modules/jdk.boot.jar:/usr/jdk/instances/jdk1.6.0/jre/classes" />
    <property name="java.vendor" value="Sun Microsystems Inc." />
    <property name="file.separator" value="/" />
    <property name="jar" value="/home/s312621/se-basics/lab3/target/artifacts" />
    <property name="java.vendor.url.bug" value="http://java.sun.com/cgi-bin/bugreport.cgi" />
    <property name="sun.io.unicode.encoding" value="UnicodeBig" />
    <property name="sun.cpu.endian" value="little" />
    <property name="main-class" value="/home/s312621/se-basics/lab3/src/main/java/com/lab2/servlets/ControllerServlet.java" />
    <property name="ant.file.type" value="file" />
    <property name="sun.cpu.isalist" value="" />
  </properties>
  <testcase classname="ResultCheckerTest" name="testSecondCoordinateArea" time="0.0030" />
  <testcase classname="ResultCheckerTest" name="testFirstCoordinateArea" time="0.0" />
  <testcase classname="ResultCheckerTest" name="testThirdCoordinateArea" time="0.0" />
  <testcase classname="ResultCheckerTest" name="testFourthCoordinateArea" time="0.0" />
  <system-out><![CDATA[]]></system-out>
  <system-err><![CDATA[]]></system-err>
</testsuite>
